<?xml version="1.0" encoding="UTF-8"?>
<robot generator="Robot 7.3.2 (Python 3.13.7 on win32)" generated="2025-09-22T18:09:19.617540" rpa="false" schemaversion="5">
<suite id="s1" name="Login" source="c:\Users\Andressa\Documents\Nova pasta\SquadTestMasters\test web equipe5\SquadTestMasters\tests\login.robot">
<test id="s1-t1" name="CT02:fazer login" line="16">
<kw name="iniciar sessao" owner="base" type="SETUP">
<kw name="New Browser" owner="Browser">
<msg time="2025-09-22T18:09:21.549808" level="INFO">{"browser": "chromium", "headless": false, "chromiumSandbox": false, "devtools": false, "handleSIGHUP": true, "handleSIGINT": true, "handleSIGTERM": true, "slowMo": 0.0, "timeout": 30000.0, "tracesDir": "C:\\Users\\Andressa\\Documents\\Nova pasta\\SquadTestMasters\\browser\\traces\\temp\\c57f20b6-f050-4279-aeba-af7ad6235434"}</msg>
<msg time="2025-09-22T18:09:21.771852" level="INFO">Starting Browser process C:\Python313\Lib\site-packages\Browser\wrapper\index.js using at 127.0.0.1:57221</msg>
<msg time="2025-09-22T18:09:26.355721" level="INFO">Successfully created browser with options: {"browser":"chromium","headless":false,"chromiumSandbox":false,"devtools":false,"handleSIGHUP":true,"handleSIGINT":true,"handleSIGTERM":true,"slowMo":0,"timeout":30000,"tracesDir":"C:\\Users\\Andressa\\Documents\\Nova pasta\\SquadTestMasters\\browser\\traces\\temp\\c57f20b6-f050-4279-aeba-af7ad6235434"}</msg>
<arg>browser=chromium</arg>
<arg>headless=false</arg>
<tag>BrowserControl</tag>
<tag>Setter</tag>
<doc>Create a new playwright Browser with specified options.</doc>
<status status="PASS" start="2025-09-22T18:09:21.539494" elapsed="4.817346"/>
</kw>
<kw name="New Page" owner="Browser">
<msg time="2025-09-22T18:09:30.096663" level="INFO">Successfully initialized new page object and opened url: https://compassuolfront.serverest.dev</msg>
<msg time="2025-09-22T18:09:30.097404" level="INFO">No context was open. New context was automatically opened when this page is created.</msg>
<arg>${BASE_URL}</arg>
<tag>BrowserControl</tag>
<tag>Setter</tag>
<doc>Open a new Page.</doc>
<status status="PASS" start="2025-09-22T18:09:26.357843" elapsed="3.740375"/>
</kw>
<status status="PASS" start="2025-09-22T18:09:21.533732" elapsed="8.565472"/>
</kw>
<kw name="Email" owner="FakerLibrary">
<msg time="2025-09-22T18:09:30.123506" level="INFO">${email_random} = cruzann@example.com</msg>
<var>${email_random}</var>
<status status="PASS" start="2025-09-22T18:09:30.118096" elapsed="0.006572"/>
</kw>
<kw name="Create Dictionary" owner="BuiltIn">
<msg time="2025-09-22T18:09:30.136080" level="INFO">${user} = {'name': 'tester', 'email': ' cruzann@example.com', 'password': 'senha123'}</msg>
<var>${user}</var>
<arg>name=tester</arg>
<arg>email= ${email_random}</arg>
<arg>password=senha123</arg>
<doc>Creates and returns a dictionary based on the given ``items``.</doc>
<status status="PASS" start="2025-09-22T18:09:30.132424" elapsed="0.004181"/>
</kw>
<kw name="ir para pagina de cadastro" owner="cadastro">
<kw name="Go To" owner="Browser">
<msg time="2025-09-22T18:09:31.357152" level="INFO">Successfully opened URL https://compassuolfront.serverest.dev/cadastrarusuarios</msg>
<arg>${BASE_URL}/cadastrarusuarios</arg>
<tag>BrowserControl</tag>
<tag>Setter</tag>
<doc>Navigates to the given ``url``.</doc>
<status status="PASS" start="2025-09-22T18:09:30.142306" elapsed="1.217157"/>
</kw>
<kw name="Wait For Elements State" owner="Browser">
<msg time="2025-09-22T18:09:31.564220" level="INFO">Waited for Element with selector xpath=//h2 at state visible</msg>
<arg>xpath=//h2</arg>
<arg>visible</arg>
<arg>5</arg>
<tag>PageContent</tag>
<tag>Wait</tag>
<doc>Waits for the element found by ``selector`` to satisfy state option.</doc>
<status status="PASS" start="2025-09-22T18:09:31.360258" elapsed="0.204755"/>
</kw>
<kw name="Get Text" owner="Browser">
<msg time="2025-09-22T18:09:31.655000" level="INFO">Text: 'Cadastro'</msg>
<arg>xpath=//h2</arg>
<arg>equal</arg>
<arg>Cadastro</arg>
<tag>Assertion</tag>
<tag>Getter</tag>
<tag>PageContent</tag>
<doc>Returns text attribute of the element found by ``selector``.</doc>
<status status="PASS" start="2025-09-22T18:09:31.565654" elapsed="0.089787"/>
</kw>
<status status="PASS" start="2025-09-22T18:09:30.140710" elapsed="1.515071"/>
</kw>
<kw name="submeter o formulario de cadastro" owner="cadastro">
<kw name="Fill Text" owner="Browser">
<msg time="2025-09-22T18:09:31.660860" level="INFO">Fills the text 'tester' in the given field.</msg>
<arg>css=input[name=nome]</arg>
<arg>${user}[name]</arg>
<tag>PageContent</tag>
<tag>Setter</tag>
<doc>Clears and fills the given ``txt`` into the text field found by ``selector``.</doc>
<status status="PASS" start="2025-09-22T18:09:31.658864" elapsed="0.097222"/>
</kw>
<kw name="Fill Text" owner="Browser">
<msg time="2025-09-22T18:09:31.758991" level="INFO">Fills the text ' cruzann@example.com' in the given field.</msg>
<arg>css=input[name=email]</arg>
<arg>${user}[email]</arg>
<tag>PageContent</tag>
<tag>Setter</tag>
<doc>Clears and fills the given ``txt`` into the text field found by ``selector``.</doc>
<status status="PASS" start="2025-09-22T18:09:31.756997" elapsed="0.048712"/>
</kw>
<kw name="Fill Text" owner="Browser">
<msg time="2025-09-22T18:09:31.808568" level="INFO">Fills the text 'senha123' in the given field.</msg>
<arg>css=input[name=password]</arg>
<arg>${user}[password]</arg>
<tag>PageContent</tag>
<tag>Setter</tag>
<doc>Clears and fills the given ``txt`` into the text field found by ``selector``.</doc>
<status status="PASS" start="2025-09-22T18:09:31.806492" elapsed="0.041695"/>
</kw>
<kw name="Click" owner="Browser">
<msg time="2025-09-22T18:09:31.852580" level="INFO">Clicks the element 'css=button[type=submit] &gt;&gt; text=Cadastrar'.</msg>
<arg>css=button[type=submit] &gt;&gt; text=Cadastrar</arg>
<tag>PageContent</tag>
<tag>Setter</tag>
<doc>Simulates mouse click on the element found by ``selector``.</doc>
<status status="PASS" start="2025-09-22T18:09:31.849485" elapsed="0.115866"/>
</kw>
<arg>${user}</arg>
<status status="PASS" start="2025-09-22T18:09:31.657242" elapsed="0.309104"/>
</kw>
<kw name="Sleep" owner="BuiltIn">
<msg time="2025-09-22T18:09:32.976390" level="INFO">Slept 1 second.</msg>
<arg>1</arg>
<doc>Pauses the test executed for the given time.</doc>
<status status="PASS" start="2025-09-22T18:09:31.974849" elapsed="1.001928"/>
</kw>
<kw name="conferencia do teste" owner="cadastro">
<kw name="Set Variable" owner="BuiltIn">
<msg time="2025-09-22T18:09:32.980426" level="INFO">${element} = css=.jumbotron h1</msg>
<var>${element}</var>
<arg>css=.jumbotron h1</arg>
<doc>Returns the given values which can then be assigned to a variables.</doc>
<status status="PASS" start="2025-09-22T18:09:32.979241" elapsed="0.001612"/>
</kw>
<kw name="Wait For Elements State" owner="Browser">
<msg time="2025-09-22T18:09:37.408053" level="INFO">Waited for Element with selector css=.jumbotron h1 at state visible</msg>
<arg>${element}</arg>
<arg>visible</arg>
<arg>5</arg>
<tag>PageContent</tag>
<tag>Wait</tag>
<doc>Waits for the element found by ``selector`` to satisfy state option.</doc>
<status status="PASS" start="2025-09-22T18:09:32.981469" elapsed="4.427580"/>
</kw>
<kw name="Get Text" owner="Browser">
<msg time="2025-09-22T18:09:37.446168" level="INFO">Text: 'Serverest Store'</msg>
<arg>${element}</arg>
<arg>equal</arg>
<arg>${txt_esperado}</arg>
<tag>Assertion</tag>
<tag>Getter</tag>
<tag>PageContent</tag>
<doc>Returns text attribute of the element found by ``selector``.</doc>
<status status="PASS" start="2025-09-22T18:09:37.409980" elapsed="0.036889"/>
</kw>
<arg>Serverest Store</arg>
<status status="PASS" start="2025-09-22T18:09:32.977883" elapsed="4.469564"/>
</kw>
<kw name="Sleep" owner="BuiltIn">
<msg time="2025-09-22T18:09:38.454428" level="INFO">Slept 1 second.</msg>
<arg>1</arg>
<doc>Pauses the test executed for the given time.</doc>
<status status="PASS" start="2025-09-22T18:09:37.452097" elapsed="1.003091"/>
</kw>
<kw name="Go To" owner="Browser">
<msg time="2025-09-22T18:09:39.461172" level="INFO">Successfully opened URL https://compassuolfront.serverest.dev</msg>
<arg>${BASE_URL}</arg>
<tag>BrowserControl</tag>
<tag>Setter</tag>
<doc>Navigates to the given ``url``.</doc>
<status status="PASS" start="2025-09-22T18:09:38.458199" elapsed="1.004450"/>
</kw>
<kw name="Create Dictionary" owner="BuiltIn">
<msg time="2025-09-22T18:09:39.471470" level="INFO">${user} = {'email': ' cruzann@example.com', 'password': 'senha123'}</msg>
<var>${user}</var>
<arg>email= ${email_random}</arg>
<arg>password=senha123</arg>
<doc>Creates and returns a dictionary based on the given ``items``.</doc>
<status status="PASS" start="2025-09-22T18:09:39.469295" elapsed="0.002596"/>
</kw>
<kw name="submeter formulario de login" owner="login">
<kw name="Fill Text" owner="Browser">
<msg time="2025-09-22T18:09:39.477814" level="INFO">Fills the text ' cruzann@example.com' in the given field.</msg>
<arg>css=input[placeholder="Digite seu email"]</arg>
<arg>${user}[email]</arg>
<tag>PageContent</tag>
<tag>Setter</tag>
<doc>Clears and fills the given ``txt`` into the text field found by ``selector``.</doc>
<status status="PASS" start="2025-09-22T18:09:39.475224" elapsed="0.234741"/>
</kw>
<kw name="Fill Text" owner="Browser">
<msg time="2025-09-22T18:09:39.712558" level="INFO">Fills the text 'senha123' in the given field.</msg>
<arg>css=input[placeholder="Digite sua senha"]</arg>
<arg>${user}[password]</arg>
<tag>PageContent</tag>
<tag>Setter</tag>
<doc>Clears and fills the given ``txt`` into the text field found by ``selector``.</doc>
<status status="PASS" start="2025-09-22T18:09:39.710797" elapsed="0.039038"/>
</kw>
<kw name="Click" owner="Browser">
<msg time="2025-09-22T18:09:39.753978" level="INFO">Clicks the element 'css=button &gt;&gt; text=Entrar'.</msg>
<arg>css=button &gt;&gt; text=Entrar</arg>
<tag>PageContent</tag>
<tag>Setter</tag>
<doc>Simulates mouse click on the element found by ``selector``.</doc>
<status status="PASS" start="2025-09-22T18:09:39.751591" elapsed="0.103815"/>
</kw>
<arg>${user}</arg>
<status status="PASS" start="2025-09-22T18:09:39.473647" elapsed="0.382232"/>
</kw>
<kw name="Sleep" owner="BuiltIn">
<msg time="2025-09-22T18:09:40.858433" level="INFO">Slept 1 second.</msg>
<arg>1</arg>
<doc>Pauses the test executed for the given time.</doc>
<status status="PASS" start="2025-09-22T18:09:39.857224" elapsed="1.001795"/>
</kw>
<kw name="conferencia do teste" owner="cadastro">
<kw name="Set Variable" owner="BuiltIn">
<msg time="2025-09-22T18:09:40.863276" level="INFO">${element} = css=.jumbotron h1</msg>
<var>${element}</var>
<arg>css=.jumbotron h1</arg>
<doc>Returns the given values which can then be assigned to a variables.</doc>
<status status="PASS" start="2025-09-22T18:09:40.862016" elapsed="0.001702"/>
</kw>
<kw name="Wait For Elements State" owner="Browser">
<msg time="2025-09-22T18:09:40.888576" level="INFO">Waited for Element with selector css=.jumbotron h1 at state visible</msg>
<arg>${element}</arg>
<arg>visible</arg>
<arg>5</arg>
<tag>PageContent</tag>
<tag>Wait</tag>
<doc>Waits for the element found by ``selector`` to satisfy state option.</doc>
<status status="PASS" start="2025-09-22T18:09:40.864468" elapsed="0.024867"/>
</kw>
<kw name="Get Text" owner="Browser">
<msg time="2025-09-22T18:09:40.958777" level="INFO">Text: 'Serverest Store'</msg>
<arg>${element}</arg>
<arg>equal</arg>
<arg>${txt_esperado}</arg>
<tag>Assertion</tag>
<tag>Getter</tag>
<tag>PageContent</tag>
<doc>Returns text attribute of the element found by ``selector``.</doc>
<status status="PASS" start="2025-09-22T18:09:40.890243" elapsed="0.069787"/>
</kw>
<arg>Serverest Store</arg>
<status status="PASS" start="2025-09-22T18:09:40.860438" elapsed="0.100258"/>
</kw>
<kw name="Sleep" owner="BuiltIn">
<msg time="2025-09-22T18:09:41.966952" level="INFO">Slept 1 second.</msg>
<arg>1</arg>
<doc>Pauses the test executed for the given time.</doc>
<status status="PASS" start="2025-09-22T18:09:40.964538" elapsed="1.003078"/>
</kw>
<kw name="Take Screenshot" owner="Browser" type="TEARDOWN">
<msg time="2025-09-22T18:09:42.157764" level="INFO" html="true">&lt;/td&gt;&lt;/tr&gt;&lt;tr&gt;&lt;td colspan="3"&gt;&lt;a href="browser/screenshot/robotframework-browser-screenshot-1.png" target="_blank"&gt;&lt;img src="browser/screenshot/robotframework-browser-screenshot-1.png" width="800px"/&gt;&lt;/a&gt;</msg>
<tag>PageContent</tag>
<doc>Takes a screenshot of the current window or element and saves it to disk.</doc>
<status status="PASS" start="2025-09-22T18:09:41.971807" elapsed="0.186485"/>
</kw>
<msg time="2025-09-22T18:09:42.195674" level="INFO">Switching context to context=dc05147f-d57a-49fd-81af-39cfdcc9b84a in CURRENT</msg>
<msg time="2025-09-22T18:09:42.216257" level="INFO">Successfully changed active context: context=dc05147f-d57a-49fd-81af-39cfdcc9b84a</msg>
<msg time="2025-09-22T18:09:42.326990" level="INFO">Successfully closed Context</msg>
<tag>login user comum</tag>
<status status="PASS" start="2025-09-22T18:09:21.529949" elapsed="20.629469"/>
</test>
<doc>casos te teste de login de usuarios</doc>
<status status="PASS" start="2025-09-22T18:09:19.642288" elapsed="22.796785"/>
</suite>
<statistics>
<total>
<stat pass="1" fail="0" skip="0">All Tests</stat>
</total>
<tag>
<stat pass="1" fail="0" skip="0">login user comum</stat>
</tag>
<suite>
<stat name="Login" id="s1" pass="1" fail="0" skip="0">Login</stat>
</suite>
</statistics>
<errors>
</errors>
</robot>
